2025-05-27 17:43:57,488 INFO: Class distribution in training set:
2025-05-27 17:43:57,488 INFO:   ACB_1: 3200
2025-05-27 17:43:57,488 INFO:   ACB_2: 3200
2025-05-27 17:43:57,488 INFO:   ACB_MO_1: 3200
2025-05-27 17:43:57,489 INFO:   ACB_PC_1: 3200
2025-05-27 17:43:57,489 INFO:   KM_1: 3200
2025-05-27 17:43:57,489 INFO:   SW_1: 3200
2025-05-27 17:43:57,489 INFO:   SW_2: 3200
2025-05-27 17:44:02,159 INFO: Class distribution in validation set:
2025-05-27 17:44:02,159 INFO:   ACB_1: 800
2025-05-27 17:44:02,159 INFO:   ACB_2: 800
2025-05-27 17:44:02,159 INFO:   ACB_MO_1: 800
2025-05-27 17:44:02,159 INFO:   ACB_PC_1: 800
2025-05-27 17:44:02,159 INFO:   KM_1: 800
2025-05-27 17:44:02,160 INFO:   SW_1: 800
2025-05-27 17:44:02,203 INFO:   SW_2: 800
2025-05-27 17:44:02,265 INFO: Model has 2812647 trainable parameters
2025-05-27 17:44:02,387 INFO: Epoch 1/20
2025-05-27 17:44:45,891 INFO:   → Train loss: 1.4965, acc: 0.4034, f1: 0.4034
2025-05-27 17:45:06,324 INFO:   → Val loss: 0.6665, acc: 0.9480, f1: 0.9475
2025-05-27 17:45:06,423 INFO: Epoch 2/20
2025-05-27 17:45:47,486 INFO:   → Train loss: 1.0546, acc: 0.5462, f1: 0.5459
2025-05-27 17:46:08,061 INFO:   → Val loss: 0.5858, acc: 0.9543, f1: 0.9542
2025-05-27 17:46:08,121 INFO: Epoch 3/20
2025-05-27 17:46:49,728 INFO:   → Train loss: 0.9780, acc: 0.5637, f1: 0.5634
2025-05-27 17:47:10,541 INFO:   → Val loss: 0.5384, acc: 0.9766, f1: 0.9768
2025-05-27 17:47:10,595 INFO: Epoch 4/20
2025-05-27 17:47:52,078 INFO:   → Train loss: 0.9176, acc: 0.5573, f1: 0.5572
2025-05-27 17:48:13,287 INFO:   → Val loss: 0.5400, acc: 0.9707, f1: 0.9707
2025-05-27 17:48:13,288 INFO:   No improvement for 1 epochs
2025-05-27 17:48:13,312 INFO: Epoch 5/20
2025-05-27 17:48:55,178 INFO:   → Train loss: 0.9049, acc: 0.5814, f1: 0.5812
2025-05-27 17:49:16,084 INFO:   → Val loss: 0.5483, acc: 0.9820, f1: 0.9818
2025-05-27 17:49:16,137 INFO: Epoch 6/20
2025-05-27 17:49:59,496 INFO:   → Train loss: 0.8979, acc: 0.5573, f1: 0.5571
2025-05-27 17:50:20,334 INFO:   → Val loss: 0.5215, acc: 0.9805, f1: 0.9804
2025-05-27 17:50:20,335 INFO:   No improvement for 1 epochs
2025-05-27 17:50:20,359 INFO: Epoch 7/20
2025-05-27 17:51:01,051 INFO:   → Train loss: 0.8669, acc: 0.5979, f1: 0.5977
2025-05-27 17:51:21,434 INFO:   → Val loss: 0.5013, acc: 0.9902, f1: 0.9901
2025-05-27 17:51:21,487 INFO: Epoch 8/20
2025-05-27 17:52:02,451 INFO:   → Train loss: 0.8502, acc: 0.5816, f1: 0.5815
2025-05-27 17:52:23,113 INFO:   → Val loss: 0.4786, acc: 0.9882, f1: 0.9882
2025-05-27 17:52:23,114 INFO:   No improvement for 1 epochs
2025-05-27 17:52:23,142 INFO: Epoch 9/20
2025-05-27 17:53:04,404 INFO:   → Train loss: 0.8411, acc: 0.5823, f1: 0.5821
2025-05-27 17:53:25,094 INFO:   → Val loss: 0.5239, acc: 0.9893, f1: 0.9893
2025-05-27 17:53:25,094 INFO:   No improvement for 2 epochs
2025-05-27 17:53:25,117 INFO: Epoch 10/20
2025-05-27 17:54:06,027 INFO:   → Train loss: 0.8175, acc: 0.5755, f1: 0.5754
2025-05-27 17:54:27,000 INFO:   → Val loss: 0.4904, acc: 0.9937, f1: 0.9937
2025-05-27 17:54:27,000 INFO:   No improvement for 3 epochs
2025-05-27 17:54:27,024 INFO: Epoch 11/20
2025-05-27 17:55:07,825 INFO:   → Train loss: 0.8348, acc: 0.5707, f1: 0.5705
2025-05-27 17:55:28,528 INFO:   → Val loss: 0.4920, acc: 0.9913, f1: 0.9912
2025-05-27 17:55:28,529 INFO:   No improvement for 4 epochs
2025-05-27 17:55:28,556 INFO: Epoch 12/20
2025-05-27 17:56:09,438 INFO:   → Train loss: 0.7919, acc: 0.5690, f1: 0.5689
2025-05-27 17:56:29,926 INFO:   → Val loss: 0.4731, acc: 0.9977, f1: 0.9977
2025-05-27 17:56:29,978 INFO: Epoch 13/20
2025-05-27 17:57:10,852 INFO:   → Train loss: 0.7841, acc: 0.6090, f1: 0.6089
2025-05-27 17:57:32,050 INFO:   → Val loss: 0.4741, acc: 0.9989, f1: 0.9989
2025-05-27 17:57:32,050 INFO:   No improvement for 1 epochs
2025-05-27 17:57:32,076 INFO: Epoch 14/20
2025-05-27 17:58:12,265 INFO:   → Train loss: 0.7745, acc: 0.5967, f1: 0.5965
2025-05-27 17:58:32,255 INFO:   → Val loss: 0.4691, acc: 0.9982, f1: 0.9982
2025-05-27 17:58:32,255 INFO:   No improvement for 2 epochs
2025-05-27 17:58:32,279 INFO: Epoch 15/20
2025-05-27 17:59:12,331 INFO:   → Train loss: 0.7718, acc: 0.5865, f1: 0.5865
2025-05-27 17:59:32,489 INFO:   → Val loss: 0.4927, acc: 0.9961, f1: 0.9961
2025-05-27 17:59:32,489 INFO:   No improvement for 3 epochs
2025-05-27 17:59:32,513 INFO: Epoch 16/20
2025-05-27 18:00:12,684 INFO:   → Train loss: 0.7821, acc: 0.5640, f1: 0.5639
2025-05-27 18:00:32,716 INFO:   → Val loss: 0.4650, acc: 0.9921, f1: 0.9921
2025-05-27 18:00:32,716 INFO:   No improvement for 4 epochs
2025-05-27 18:00:32,784 INFO: Epoch 17/20
2025-05-27 18:01:12,707 INFO:   → Train loss: 0.7619, acc: 0.5713, f1: 0.5712
2025-05-27 18:01:32,795 INFO:   → Val loss: 0.4678, acc: 0.9971, f1: 0.9971
2025-05-27 18:01:32,796 INFO:   No improvement for 5 epochs
2025-05-27 18:01:32,796 INFO: Early stopping triggered.
2025-05-27 18:01:32,796 INFO: Training complete. Best validation accuracy: 0.9977
2025-05-27 18:01:33,845 INFO: Saved training curves → checkpoints\training_curves.png
2025-05-27 18:01:34,216 INFO: Confusion Matrix:
2025-05-27 18:01:34,216 INFO: 
[[793   0   0   0   0   4   3]
 [  0 800   0   0   0   0   0]
 [  0   0 800   0   0   0   0]
 [  0   0   0 800   0   0   0]
 [  0   0   0   0 800   0   0]
 [  0   0   0   0   0 800   0]
 [  4   5   0   0   0   0 791]]
